2024/07/12 17:36:17 | Sequencer Started at 12050
2024/07/12 20:46:35 | [
2024/07/12 20:46:35 |   {
2024/07/12 20:46:35 |     _id: new ObjectId("66919620bb825f858dc16b4b"),
2024/07/12 20:46:35 |     width: 108,
2024/07/12 20:46:35 |     height: 52,
2024/07/12 20:46:35 |     data: { node_id: null, header: [Object], headerType: 1 },
2024/07/12 20:46:35 |     type: 'apiNode',
2024/07/12 20:46:35 |     className: 'apiNode ApiNodeEntry Request',
2024/07/12 20:46:35 |     position: { x: -220, y: 30 },
2024/07/12 20:46:35 |     selected: false,
2024/07/12 20:46:35 |     positionAbsolute: { x: -220, y: 30 },
2024/07/12 20:46:35 |     dragging: false,
2024/07/12 20:46:35 |     id: 'ppyvqHFAJmdA',
2024/07/12 20:46:35 |     __v: 0
2024/07/12 20:46:35 |   },
2024/07/12 20:46:35 |   {
2024/07/12 20:46:35 |     _id: new ObjectId("66919620bb825f858dc16b4c"),
2024/07/12 20:46:35 |     width: 108,
2024/07/12 20:46:35 |     height: 52,
2024/07/12 20:46:35 |     data: { node_id: null, header: [Object], headerType: 2 },
2024/07/12 20:46:35 |     type: 'apiNode',
2024/07/12 20:46:35 |     className: 'apiNode Server',
2024/07/12 20:46:35 |     position: { x: 150, y: 30 },
2024/07/12 20:46:35 |     selected: false,
2024/07/12 20:46:35 |     positionAbsolute: { x: 150, y: 30 },
2024/07/12 20:46:35 |     dragging: false,
2024/07/12 20:46:35 |     id: '6MHmz6vmaqDV',
2024/07/12 20:46:35 |     __v: 0
2024/07/12 20:46:35 |   },
2024/07/12 20:46:35 |   {
2024/07/12 20:46:35 |     _id: new ObjectId("66919620bb825f858dc16b4d"),
2024/07/12 20:46:35 |     width: 108,
2024/07/12 20:46:35 |     height: 52,
2024/07/12 20:46:35 |     data: { node_id: null, header: [Object], headerType: 3 },
2024/07/12 20:46:35 |     type: 'apiNode',
2024/07/12 20:46:35 |     className: 'apiNode ApiNodeEntry Response',
2024/07/12 20:46:35 |     position: { x: -220, y: 300 },
2024/07/12 20:46:35 |     selected: false,
2024/07/12 20:46:35 |     positionAbsolute: { ' x': -220, y: 300 },
2024/07/12 20:46:35 |     dragging: false,
2024/07/12 20:46:35 |     id: 'y8qDxXh85pbf',
2024/07/12 20:46:35 |     __v: 0
2024/07/12 20:46:35 |   },
2024/07/12 20:46:35 |   {
2024/07/12 20:46:35 |     _id: new ObjectId("66919620bb825f858dc16b4e"),
2024/07/12 20:46:35 |     width: 108,
2024/07/12 20:46:35 |     height: 52,
2024/07/12 20:46:35 |     data: { node_id: null, header: [Object], headerType: 4 },
2024/07/12 20:46:35 |     type: 'apiNode',
2024/07/12 20:46:35 |     className: 'apiNode Client',
2024/07/12 20:46:35 |     position: { x: 150, y: 300 },
2024/07/12 20:46:35 |     selected: false,
2024/07/12 20:46:35 |     positionAbsolute: { x: 140, y: 300 },
2024/07/12 20:46:35 |     dragging: false,
2024/07/12 20:46:35 |     id: 'ESBwZE325rR2',
2024/07/12 20:46:35 |     __v: 0
2024/07/12 20:46:35 |   }
2024/07/12 20:46:35 | ]
2024/07/12 20:46:35 | sera.sera_start
2024/07/12 20:46:35 | sera.sera_start
2024/07/12 20:46:35 | headers.Server
2024/07/12 20:46:35 | headers.Connection
2024/07/12 20:46:35 | headers.Content-Type
2024/07/12 20:46:35 | headers.Content-Length
2024/07/12 20:46:35 | headers.Access-Control-Allow-Origin
2024/07/12 20:46:35 | headers.Access-Control-Allow-Credentials
2024/07/12 20:46:35 | headers.Date
2024/07/12 20:46:35 | body (200).url
2024/07/12 20:46:35 | body (200).args
2024/07/12 20:46:35 | body (200).headers
2024/07/12 20:46:35 | body (200).origin
2024/07/12 20:46:37 | [
2024/07/12 20:46:37 |   {
2024/07/12 20:46:37 |     _id: new ObjectId("66919620bb825f858dc16b4b"),
2024/07/12 20:46:37 |     width: 108,
2024/07/12 20:46:37 |     height: 52,
2024/07/12 20:46:37 |     data: { node_id: null, header: [Object], headerType: 1 },
2024/07/12 20:46:37 |     type: 'apiNode',
2024/07/12 20:46:37 |     className: 'apiNode ApiNodeEntry Request',
2024/07/12 20:46:37 |     position: { x: -220, y: 30 },
2024/07/12 20:46:37 |     selected: false,
2024/07/12 20:46:37 |     positionAbsolute: { x: -220, y: 30 },
2024/07/12 20:46:37 |     dragging: false,
2024/07/12 20:46:37 |     id: 'ppyvqHFAJmdA',
2024/07/12 20:46:37 |     __v: 0
2024/07/12 20:46:37 |   },
2024/07/12 20:46:37 |   {
2024/07/12 20:46:37 |     _id: new ObjectId("66919620bb825f858dc16b4c"),
2024/07/12 20:46:37 |     width: 108,
2024/07/12 20:46:37 |     height: 52,
2024/07/12 20:46:37 |     data: { node_id: null, header: [Object], headerType: 2 },
2024/07/12 20:46:37 |     type: 'apiNode',
2024/07/12 20:46:37 |     className: 'apiNode Server',
2024/07/12 20:46:37 |     position: { x: 150, y: 30 },
2024/07/12 20:46:37 |     selected: false,
2024/07/12 20:46:37 |     positionAbsolute: { x: 150, y: 30 },
2024/07/12 20:46:37 |     dragging: false,
2024/07/12 20:46:37 |     id: '6MHmz6vmaqDV',
2024/07/12 20:46:37 |     __v: 0
2024/07/12 20:46:37 |   },
2024/07/12 20:46:37 |   {
2024/07/12 20:46:37 |     _id: new ObjectId("66919620bb825f858dc16b4d"),
2024/07/12 20:46:37 |     width: 108,
2024/07/12 20:46:37 |     height: 52,
2024/07/12 20:46:37 |     data: { node_id: null, header: [Object], headerType: 3 },
2024/07/12 20:46:37 |     type: 'apiNode',
2024/07/12 20:46:37 |     className: 'apiNode ApiNodeEntry Response',
2024/07/12 20:46:37 |     position: { x: -220, y: 300 },
2024/07/12 20:46:37 |     selected: false,
2024/07/12 20:46:37 |     positionAbsolute: { ' x': -220, y: 300 },
2024/07/12 20:46:37 |     dragging: false,
2024/07/12 20:46:37 |     id: 'y8qDxXh85pbf',
2024/07/12 20:46:37 |     __v: 0
2024/07/12 20:46:37 |   },
2024/07/12 20:46:37 |   {
2024/07/12 20:46:37 |     _id: new ObjectId("66919620bb825f858dc16b4e"),
2024/07/12 20:46:37 |     width: 108,
2024/07/12 20:46:37 |     height: 52,
2024/07/12 20:46:37 |     data: { node_id: null, header: [Object], headerType: 4 },
2024/07/12 20:46:37 |     type: 'apiNode',
2024/07/12 20:46:37 |     className: 'apiNode Client',
2024/07/12 20:46:37 |     position: { x: 150, y: 300 },
2024/07/12 20:46:37 |     selected: false,
2024/07/12 20:46:37 |     positionAbsolute: { x: 140, y: 300 },
2024/07/12 20:46:37 |     dragging: false,
2024/07/12 20:46:37 |     id: 'ESBwZE325rR2',
2024/07/12 20:46:37 |     __v: 0
2024/07/12 20:46:37 |   }
2024/07/12 20:46:37 | ]
2024/07/12 20:46:37 | sera.sera_start
2024/07/12 20:46:37 | sera.sera_start
2024/07/12 20:46:37 | headers.Server
2024/07/12 20:46:37 | headers.Connection
2024/07/12 20:46:37 | headers.Content-Type
2024/07/12 20:46:37 | headers.Content-Length
2024/07/12 20:46:37 | headers.Access-Control-Allow-Origin
2024/07/12 20:46:37 | headers.Access-Control-Allow-Credentials
2024/07/12 20:46:37 | headers.Date
2024/07/12 20:46:37 | body (200).args
2024/07/12 20:46:37 | body (200).headers
2024/07/12 20:46:37 | body (200).origin
2024/07/12 20:46:37 | body (200).url
