{"level":"warn","ts":"2024-07-14T21:56:14.317426Z","caller":"embed/config.go:687","msg":"Running http and grpc server on single port. This is not recommended for production."}
{"level":"info","ts":"2024-07-14T21:56:14.318025Z","caller":"etcdmain/config.go:353","msg":"loaded server configuration, other configuration command line flags and environment variables will be ignored if provided","path":"./sera-artifacts/sera-coredns/etcd.conf.yml"}
{"level":"info","ts":"2024-07-14T21:56:14.318037Z","caller":"etcdmain/etcd.go:73","msg":"Running: ","args":["etcd","--config-file=./sera-artifacts/sera-coredns/etcd.conf.yml"]}
{"level":"warn","ts":"2024-07-14T21:56:14.318093Z","caller":"embed/config.go:687","msg":"Running http and grpc server on single port. This is not recommended for production."}
{"level":"info","ts":"2024-07-14T21:56:14.318117Z","caller":"embed/etcd.go:127","msg":"configuring peer listeners","listen-peer-urls":["http://localhost:2380"]}
{"level":"info","ts":"2024-07-14T21:56:14.318366Z","caller":"embed/etcd.go:135","msg":"configuring client listeners","listen-client-urls":["http://localhost:2379"]}
{"level":"info","ts":"2024-07-14T21:56:14.318494Z","caller":"embed/etcd.go:309","msg":"starting an etcd server","etcd-version":"3.5.14","git-sha":"bf51a53a7","go-version":"go1.21.10","go-os":"linux","go-arch":"amd64","max-cpu-set":32,"max-cpu-available":32,"member-initialized":false,"name":"sera-etcd","data-dir":"/var/lib/etcd","wal-dir":"","wal-dir-dedicated":"","member-dir":"/var/lib/etcd/member","force-new-cluster":false,"heartbeat-interval":"100ms","election-timeout":"1s","initial-election-tick-advance":true,"snapshot-count":100000,"max-wals":5,"max-snapshots":5,"snapshot-catchup-entries":5000,"initial-advertise-peer-urls":["http://localhost:2380"],"listen-peer-urls":["http://localhost:2380"],"advertise-client-urls":["http://localhost:2379"],"listen-client-urls":["http://localhost:2379"],"listen-metrics-urls":[],"cors":["*"],"host-whitelist":["*"],"initial-cluster":"sera-etcd=http://localhost:2380","initial-cluster-state":"new","initial-cluster-token":"etcd-cluster","quota-backend-bytes":2147483648,"max-request-bytes":1572864,"max-concurrent-streams":4294967295,"pre-vote":true,"initial-corrupt-check":false,"corrupt-check-time-interval":"0s","compact-check-time-enabled":false,"compact-check-time-interval":"1m0s","auto-compaction-mode":"","auto-compaction-retention":"0s","auto-compaction-interval":"0s","discovery-url":"","discovery-proxy":"","downgrade-check-interval":"5s"}
{"level":"info","ts":"2024-07-14T21:56:14.323606Z","caller":"etcdserver/backend.go:81","msg":"opened backend db","path":"/var/lib/etcd/member/snap/db","took":"4.842396ms"}
{"level":"info","ts":"2024-07-14T21:56:14.333913Z","caller":"etcdserver/raft.go:495","msg":"starting local member","local-member-id":"8e9e05c52164694d","cluster-id":"cdf818194e3a8c32"}
{"level":"info","ts":"2024-07-14T21:56:14.33398Z","logger":"raft","caller":"etcdserver/zap_raft.go:77","msg":"8e9e05c52164694d switched to configuration voters=()"}
{"level":"info","ts":"2024-07-14T21:56:14.334002Z","logger":"raft","caller":"etcdserver/zap_raft.go:77","msg":"8e9e05c52164694d became follower at term 0"}
{"level":"info","ts":"2024-07-14T21:56:14.334011Z","logger":"raft","caller":"etcdserver/zap_raft.go:77","msg":"newRaft 8e9e05c52164694d [peers: [], term: 0, commit: 0, applied: 0, lastindex: 0, lastterm: 0]"}
{"level":"info","ts":"2024-07-14T21:56:14.334017Z","logger":"raft","caller":"etcdserver/zap_raft.go:77","msg":"8e9e05c52164694d became follower at term 1"}
{"level":"info","ts":"2024-07-14T21:56:14.334038Z","logger":"raft","caller":"etcdserver/zap_raft.go:77","msg":"8e9e05c52164694d switched to configuration voters=(10276657743932975437)"}
{"level":"warn","ts":"2024-07-14T21:56:14.344706Z","caller":"auth/store.go:1241","msg":"simple token is not cryptographically signed"}
{"level":"info","ts":"2024-07-14T21:56:14.348779Z","caller":"mvcc/kvstore.go:418","msg":"kvstore restored","current-rev":1}
{"level":"info","ts":"2024-07-14T21:56:14.352868Z","caller":"etcdserver/quota.go:94","msg":"enabled backend quota with default value","quota-name":"v3-applier","quota-size-bytes":2147483648,"quota-size":"2.1 GB"}
{"level":"info","ts":"2024-07-14T21:56:14.356864Z","caller":"etcdserver/server.go:867","msg":"starting etcd server","local-member-id":"8e9e05c52164694d","local-server-version":"3.5.14","cluster-version":"to_be_decided"}
{"level":"info","ts":"2024-07-14T21:56:14.356965Z","caller":"etcdserver/server.go:751","msg":"started as single-node; fast-forwarding election ticks","local-member-id":"8e9e05c52164694d","forward-ticks":9,"forward-duration":"900ms","election-ticks":10,"election-timeout":"1s"}
{"level":"info","ts":"2024-07-14T21:56:14.356994Z","caller":"v3rpc/health.go:61","msg":"grpc service status changed","service":"","status":"SERVING"}
{"level":"info","ts":"2024-07-14T21:56:14.35746Z","caller":"fileutil/purge.go:50","msg":"started to purge file","dir":"/var/lib/etcd/member/snap","suffix":"snap.db","max":5,"interval":"30s"}
{"level":"info","ts":"2024-07-14T21:56:14.357521Z","caller":"fileutil/purge.go:50","msg":"started to purge file","dir":"/var/lib/etcd/member/snap","suffix":"snap","max":5,"interval":"30s"}
{"level":"info","ts":"2024-07-14T21:56:14.357538Z","caller":"fileutil/purge.go:50","msg":"started to purge file","dir":"/var/lib/etcd/member/wal","suffix":"wal","max":5,"interval":"30s"}
{"level":"info","ts":"2024-07-14T21:56:14.358495Z","caller":"embed/etcd.go:278","msg":"now serving peer/client/metrics","local-member-id":"8e9e05c52164694d","initial-advertise-peer-urls":["http://localhost:2380"],"listen-peer-urls":["http://localhost:2380"],"advertise-client-urls":["http://localhost:2379"],"listen-client-urls":["http://localhost:2379"],"listen-metrics-urls":[]}
{"level":"info","ts":"2024-07-14T21:56:14.358524Z","caller":"embed/etcd.go:598","msg":"serving peer traffic","address":"127.0.0.1:2380"}
{"level":"info","ts":"2024-07-14T21:56:14.358551Z","caller":"embed/etcd.go:570","msg":"cmux::serve","address":"127.0.0.1:2380"}
{"level":"info","ts":"2024-07-14T21:56:14.359503Z","logger":"raft","caller":"etcdserver/zap_raft.go:77","msg":"8e9e05c52164694d switched to configuration voters=(10276657743932975437)"}
{"level":"info","ts":"2024-07-14T21:56:14.359576Z","caller":"membership/cluster.go:421","msg":"added member","cluster-id":"cdf818194e3a8c32","local-member-id":"8e9e05c52164694d","added-peer-id":"8e9e05c52164694d","added-peer-peer-urls":["http://localhost:2380"]}
{"level":"info","ts":"2024-07-14T21:56:14.435145Z","logger":"raft","caller":"etcdserver/zap_raft.go:77","msg":"8e9e05c52164694d is starting a new election at term 1"}
{"level":"info","ts":"2024-07-14T21:56:14.435215Z","logger":"raft","caller":"etcdserver/zap_raft.go:77","msg":"8e9e05c52164694d became pre-candidate at term 1"}
{"level":"info","ts":"2024-07-14T21:56:14.435246Z","logger":"raft","caller":"etcdserver/zap_raft.go:77","msg":"8e9e05c52164694d received MsgPreVoteResp from 8e9e05c52164694d at term 1"}
{"level":"info","ts":"2024-07-14T21:56:14.435257Z","logger":"raft","caller":"etcdserver/zap_raft.go:77","msg":"8e9e05c52164694d became candidate at term 2"}
{"level":"info","ts":"2024-07-14T21:56:14.435263Z","logger":"raft","caller":"etcdserver/zap_raft.go:77","msg":"8e9e05c52164694d received MsgVoteResp from 8e9e05c52164694d at term 2"}
{"level":"info","ts":"2024-07-14T21:56:14.435272Z","logger":"raft","caller":"etcdserver/zap_raft.go:77","msg":"8e9e05c52164694d became leader at term 2"}
{"level":"info","ts":"2024-07-14T21:56:14.435279Z","logger":"raft","caller":"etcdserver/zap_raft.go:77","msg":"raft.node: 8e9e05c52164694d elected leader 8e9e05c52164694d at term 2"}
{"level":"info","ts":"2024-07-14T21:56:14.437417Z","caller":"etcdserver/server.go:2628","msg":"setting up initial cluster version using v2 API","cluster-version":"3.5"}
{"level":"info","ts":"2024-07-14T21:56:14.439441Z","caller":"etcdserver/server.go:2118","msg":"published local member to cluster through raft","local-member-id":"8e9e05c52164694d","local-member-attributes":"{Name:sera-etcd ClientURLs:[http://localhost:2379]}","request-path":"/0/members/8e9e05c52164694d/attributes","cluster-id":"cdf818194e3a8c32","publish-timeout":"7s"}
{"level":"info","ts":"2024-07-14T21:56:14.439485Z","caller":"embed/serve.go:103","msg":"ready to serve client requests"}
{"level":"info","ts":"2024-07-14T21:56:14.439717Z","caller":"etcdmain/main.go:44","msg":"notifying init daemon"}
{"level":"info","ts":"2024-07-14T21:56:14.439764Z","caller":"etcdmain/main.go:50","msg":"successfully notified init daemon"}
{"level":"info","ts":"2024-07-14T21:56:14.439781Z","caller":"v3rpc/health.go:61","msg":"grpc service status changed","service":"","status":"SERVING"}
{"level":"info","ts":"2024-07-14T21:56:14.440054Z","caller":"embed/serve.go:187","msg":"serving client traffic insecurely; this is strongly discouraged!","traffic":"grpc+http","address":"127.0.0.1:2379"}
{"level":"info","ts":"2024-07-14T21:56:14.441432Z","caller":"membership/cluster.go:584","msg":"set initial cluster version","cluster-id":"cdf818194e3a8c32","local-member-id":"8e9e05c52164694d","cluster-version":"3.5"}
{"level":"info","ts":"2024-07-14T21:56:14.441501Z","caller":"api/capability.go:75","msg":"enabled capabilities for version","cluster-version":"3.5"}
{"level":"info","ts":"2024-07-14T21:56:14.441545Z","caller":"etcdserver/server.go:2652","msg":"cluster version is updated","cluster-version":"3.5"}
